#
# There is insufficient memory for the Java Runtime Environment to continue.
# Native memory allocation (mmap) failed to map 1048576 bytes for G1 virtual space
# Possible reasons:
#   The system is out of physical RAM or swap space
#   The process is running with CompressedOops enabled, and the Java Heap may be blocking the growth of the native heap
# Possible solutions:
#   Reduce memory load on the system
#   Increase physical memory or swap space
#   Check if swap backing store is full
#   Decrease Java heap size (-Xmx/-Xms)
#   Decrease number of Java threads
#   Decrease Java thread stack sizes (-Xss)
#   Set larger code cache with -XX:ReservedCodeCacheSize=
#   JVM is running with Unscaled Compressed Oops mode in which the Java heap is
#     placed in the first 4GB address space. The Java Heap base address is the
#     maximum limit for the native heap growth. Please use -XX:HeapBaseMinAddress
#     to set the Java Heap base and to place the Java Heap above 4GB virtual address.
# This output file may be truncated or incomplete.
#
#  Out of Memory Error (os_windows.cpp:3528), pid=11980, tid=8364
#
# JRE version: Java(TM) SE Runtime Environment (20.0.2+9) (build 20.0.2+9-78)
# Java VM: Java HotSpot(TM) 64-Bit Server VM (20.0.2+9-78, mixed mode, sharing, tiered, compressed oops, compressed class ptrs, g1 gc, windows-amd64)
# No core dump will be written. Minidumps are not enabled by default on client versions of Windows
#

---------------  S U M M A R Y ------------

Command Line: -Dfile.encoding=windows-1251 -Duser.country=RU -Duser.language=ru -Duser.variant ru.yarsu.WebApplicationKt

Host: AMD Ryzen 5 3500U with Radeon Vega Mobile Gfx  , 8 cores, 5G,  Windows 10 , 64 bit Build 19041 (10.0.19041.3636)
Time: Sun Apr  7 21:53:22 2024 RTZ 2 (s 10 , 64 bit Build 19041 (10.0.19041.3636) elapsed time: 26.465256 seconds (0d 0h 0m 26s)

---------------  T H R E A D  ---------------

Current thread (0x0000026c7b79adb0):  WorkerThread "GC Thread#7" [stack: 0x000000c0d3800000,0x000000c0d3900000] [id=8364]

Stack: [0x000000c0d3800000,0x000000c0d3900000]
Native frames: (J=compiled Java code, j=interpreted, Vv=VM code, C=native code)
V  [jvm.dll+0x6bc25a]
V  [jvm.dll+0x84971a]
V  [jvm.dll+0x84b315]
V  [jvm.dll+0x84ba13]
V  [jvm.dll+0x280e4f]
V  [jvm.dll+0x6b8fe9]
V  [jvm.dll+0x6adbca]
V  [jvm.dll+0x35b165]
V  [jvm.dll+0x363386]
V  [jvm.dll+0x3b3d0b]
V  [jvm.dll+0x3b4384]
V  [jvm.dll+0x3b444d]
V  [jvm.dll+0x32d135]
V  [jvm.dll+0x32ce95]
V  [jvm.dll+0x31cfa6]
V  [jvm.dll+0x31df7a]
V  [jvm.dll+0x31e401]
V  [jvm.dll+0x31de7e]
V  [jvm.dll+0x35cf96]
V  [jvm.dll+0x35d2ed]
V  [jvm.dll+0x36c798]
V  [jvm.dll+0x3a22ed]
V  [jvm.dll+0x3f1f94]
V  [jvm.dll+0x7f5fe4]
V  [jvm.dll+0x7ffb81]
V  [jvm.dll+0x36cd8a]
V  [jvm.dll+0x36cc24]
V  [jvm.dll+0x374234]
V  [jvm.dll+0x3743ab]
V  [jvm.dll+0x876b17]
V  [jvm.dll+0x7f5c76]
V  [jvm.dll+0x6baecb]
C  [ucrtbase.dll+0x21bb2]
C  [KERNEL32.DLL+0x17344]
C  [ntdll.dll+0x526b1]

JavaThread 0x0000026c7c67a940 (nid = 14940) was being processed
Java frames: (J=compiled Java code, j=interpreted, Vv=VM code)
j  sun.nio.ch.WEPoll.wait(JJII)I+0 java.base@20.0.2
j  sun.nio.ch.WEPollSelectorImpl.doSelect(Ljava/util/function/Consumer;J)I+77 java.base@20.0.2
j  sun.nio.ch.SelectorImpl.lockAndDoSelect(Ljava/util/function/Consumer;J)I+42 java.base@20.0.2
j  sun.nio.ch.SelectorImpl.select()I+5 java.base@20.0.2
j  io.netty.channel.nio.SelectedSelectionKeySetSelector.select()I+11
j  io.netty.channel.nio.NioEventLoop.select(J)I+12
j  io.netty.channel.nio.NioEventLoop.run()V+115
j  io.netty.util.concurrent.SingleThreadEventExecutor$4.run()V+44
j  io.netty.util.internal.ThreadExecutorMap$2.run()V+11
j  io.netty.util.concurrent.FastThreadLocalRunnable.run()V+4
j  java.lang.Thread.runWith(Ljava/lang/Object;Ljava/lang/Runnable;)V+5 java.base@20.0.2
j  java.lang.Thread.run()V+19 java.base@20.0.2
v  ~StubRoutines::call_stub 0x0000026c699f100d

---------------  P R O C E S S  ---------------

Threads class SMR info:
_java_thread_list=0x0000026c7d39a210, length=19, elements={
0x0000026c58bc7f50, 0x0000026c76a66b40, 0x0000026c76a67940, 0x0000026c76a6c720,
0x0000026c76a720a0, 0x0000026c76a729e0, 0x0000026c76a74690, 0x0000026c76a79810,
0x0000026c76a7a190, 0x0000026c7ace5230, 0x0000026c7acf1230, 0x0000026c7c00f0a0,
0x0000026c7bbe9060, 0x0000026c7bbe95b0, 0x0000026c7c67a940, 0x0000026c7d27d100,
0x0000026c7bbf5e80, 0x0000026c7bc23850, 0x0000026c7bc22310
}

Java Threads: ( => current thread )
  0x0000026c58bc7f50 JavaThread "main" [_thread_in_native, id=13664, stack(0x000000c0d1f00000,0x000000c0d2000000)]
  0x0000026c76a66b40 JavaThread "Reference Handler" daemon [_thread_blocked, id=14404, stack(0x000000c0d2600000,0x000000c0d2700000)]
  0x0000026c76a67940 JavaThread "Finalizer" daemon [_thread_blocked, id=11836, stack(0x000000c0d2700000,0x000000c0d2800000)]
  0x0000026c76a6c720 JavaThread "Signal Dispatcher" daemon [_thread_blocked, id=14596, stack(0x000000c0d2800000,0x000000c0d2900000)]
  0x0000026c76a720a0 JavaThread "Attach Listener" daemon [_thread_blocked, id=9016, stack(0x000000c0d2900000,0x000000c0d2a00000)]
  0x0000026c76a729e0 JavaThread "Service Thread" daemon [_thread_blocked, id=11372, stack(0x000000c0d2a00000,0x000000c0d2b00000)]
  0x0000026c76a74690 JavaThread "Monitor Deflation Thread" daemon [_thread_blocked, id=15064, stack(0x000000c0d2b00000,0x000000c0d2c00000)]
  0x0000026c76a79810 JavaThread "C2 CompilerThread0" daemon [_thread_blocked, id=11680, stack(0x000000c0d2c00000,0x000000c0d2d00000)]
  0x0000026c76a7a190 JavaThread "C1 CompilerThread0" daemon [_thread_blocked, id=12616, stack(0x000000c0d2d00000,0x000000c0d2e00000)]
  0x0000026c7ace5230 JavaThread "Notification Thread" daemon [_thread_blocked, id=14588, stack(0x000000c0d2e00000,0x000000c0d2f00000)]
  0x0000026c7acf1230 JavaThread "Common-Cleaner" daemon [_thread_blocked, id=15328, stack(0x000000c0d3000000,0x000000c0d3100000)]
  0x0000026c7c00f0a0 JavaThread "nioEventLoopGroup-2-1" [_thread_in_native, id=8452, stack(0x000000c0d3100000,0x000000c0d3200000)]
  0x0000026c7bbe9060 JavaThread "nioEventLoopGroup-3-1" [_thread_in_native, id=15356, stack(0x000000c0d3900000,0x000000c0d3a00000)]
  0x0000026c7bbe95b0 JavaThread "nioEventLoopGroup-3-2" [_thread_in_native, id=6740, stack(0x000000c0d3a00000,0x000000c0d3b00000)]
  0x0000026c7c67a940 JavaThread "nioEventLoopGroup-3-3" [_thread_in_native, id=14940, stack(0x000000c0d3c00000,0x000000c0d3d00000)]
  0x0000026c7d27d100 JavaThread "nioEventLoopGroup-3-4" [_thread_in_native, id=9912, stack(0x000000c0d3e00000,0x000000c0d3f00000)]
  0x0000026c7bbf5e80 JavaThread "nioEventLoopGroup-3-5" [_thread_in_native, id=15296, stack(0x000000c0d3b00000,0x000000c0d3c00000)]
  0x0000026c7bc23850 JavaThread "nioEventLoopGroup-3-6" [_thread_blocked, id=1700, stack(0x000000c0d3f00000,0x000000c0d4000000)]
  0x0000026c7bc22310 JavaThread "nioEventLoopGroup-3-7" [_thread_in_native, id=11968, stack(0x000000c0d4000000,0x000000c0d4100000)]

Other Threads:
  0x0000026c76a463d0 VMThread "VM Thread" [stack: 0x000000c0d2500000,0x000000c0d2600000] [id=5000]
  0x0000026c7acead80 WatcherThread "VM Periodic Task Thread" [stack: 0x000000c0d2f00000,0x000000c0d3000000] [id=10644]
  0x0000026c58c17c50 WorkerThread "GC Thread#0" [stack: 0x000000c0d2000000,0x000000c0d2100000] [id=6360]
  0x0000026c7b719790 WorkerThread "GC Thread#1" [stack: 0x000000c0d3200000,0x000000c0d3300000] [id=3488]
  0x0000026c7b800c60 WorkerThread "GC Thread#2" [stack: 0x000000c0d3300000,0x000000c0d3400000] [id=8468]
  0x0000026c7b73ddb0 WorkerThread "GC Thread#3" [stack: 0x000000c0d3400000,0x000000c0d3500000] [id=11808]
  0x0000026c7b799cd0 WorkerThread "GC Thread#4" [stack: 0x000000c0d3500000,0x000000c0d3600000] [id=13488]
  0x0000026c7b79b350 WorkerThread "GC Thread#5" [stack: 0x000000c0d3600000,0x000000c0d3700000] [id=10472]
  0x0000026c7b79aae0 WorkerThread "GC Thread#6" [stack: 0x000000c0d3700000,0x000000c0d3800000] [id=8556]
=>0x0000026c7b79adb0 WorkerThread "GC Thread#7" [stack: 0x000000c0d3800000,0x000000c0d3900000] [id=8364]
  0x0000026c58c27a80 ConcurrentGCThread "G1 Main Marker" [stack: 0x000000c0d2100000,0x000000c0d2200000] [id=8476]
  0x0000026c58c28b60 WorkerThread "G1 Conc#0" [stack: 0x000000c0d2200000,0x000000c0d2300000] [id=8268]
  0x0000026c7bbf0c40 WorkerThread "G1 Conc#1" [stack: 0x000000c0d3d00000,0x000000c0d3e00000] [id=6064]
  0x0000026c58c8e810 ConcurrentGCThread "G1 Refine#0" [stack: 0x000000c0d2300000,0x000000c0d2400000] [id=14312]
  0x0000026c76908330 ConcurrentGCThread "G1 Service" [stack: 0x000000c0d2400000,0x000000c0d2500000] [id=13352]

Threads with active compile tasks:
C2 CompilerThread0    26509 2500   !   4       io.pebbletemplates.pebble.node.expression.FilterExpression::evaluate (188 bytes)
C1 CompilerThread0    26509 2502       3       io.pebbletemplates.pebble.node.BodyNode::render (83 bytes)

VM state: at safepoint (normal execution)

VM Mutex/Monitor currently owned by a thread:  ([mutex/lock_event])
[0x0000026c58bc0fc0] FreeList_lock - owner thread: 0x0000026c7b79adb0
[0x0000026c58bc27f0] Threads_lock - owner thread: 0x0000026c76a463d0
[0x0000026c58bc32a0] Heap_lock - owner thread: 0x0000026c7bc23850

Heap address: 0x00000000a0e00000, size: 1522 MB, Compressed Oops mode: 32-bit

CDS archive(s) mapped at: [0x0000026c00000000-0x0000026c00c60000-0x0000026c00c60000), size 12976128, SharedBaseAddress: 0x0000026c00000000, ArchiveRelocationMode: 1.
Compressed class space mapped at: 0x0000026c01000000-0x0000026c41000000, reserved size: 1073741824
Narrow klass base: 0x0000026c00000000, Narrow klass shift: 0, Narrow klass range: 0x100000000

GC Precious Log:
 CardTable entry size: 512
 Card Set container configuration: InlinePtr #cards 5 size 8 Array Of Cards #cards 12 size 40 Howl #buckets 4 coarsen threshold 1843 Howl Bitmap #cards 512 size 80 coarsen threshold 460 Card regions per heap region 1 cards per card region 2048
 CPUs: 8 total, 8 available
 Memory: 6081M
 Large Page Support: Disabled
 NUMA Support: Disabled
 Compressed Oops: Enabled (32-bit)
 Heap Region Size: 1M
 Heap Min Capacity: 8M
 Heap Initial Capacity: 96M
 Heap Max Capacity: 1522M
 Pre-touch: Disabled
 Parallel Workers: 8
 Concurrent Workers: 2
 Concurrent Refinement Workers: 8
 Periodic GC: Disabled

Heap:
 garbage-first heap   total 113664K, used 111715K [0x00000000a0e00000, 0x0000000100000000)
  region size 1024K, 16 young (16384K), 1 survivors (1024K)
 Metaspace       used 21920K, committed 22144K, reserved 1114112K
  class space    used 2420K, committed 2496K, reserved 1048576K

Heap Regions: E=young(eden), S=young(survivor), O=old, HS=humongous(starts), HC=humongous(continues), CS=collection set, F=free, OA=open archive, CA=closed archive, TAMS=top-at-mark-start, PB=parsable bottom
|   0|0x00000000a0e00000, 0x00000000a0f00000, 0x00000000a0f00000|100%| O|  |TAMS 0x00000000a0e00000| PB 0x00000000a0e00000| Untracked 
|   1|0x00000000a0f00000, 0x00000000a1000000, 0x00000000a1000000|100%| O|  |TAMS 0x00000000a0f00000| PB 0x00000000a0f00000| Untracked 
|   2|0x00000000a1000000, 0x00000000a1100000, 0x00000000a1100000|100%| O|  |TAMS 0x00000000a1000000| PB 0x00000000a1000000| Untracked 
|   3|0x00000000a1100000, 0x00000000a1200000, 0x00000000a1200000|100%| O|  |TAMS 0x00000000a1100000| PB 0x00000000a1100000| Untracked 
|   4|0x00000000a1200000, 0x00000000a1300000, 0x00000000a1300000|100%| O|  |TAMS 0x00000000a1200000| PB 0x00000000a1200000| Untracked 
|   5|0x00000000a1300000, 0x00000000a1400000, 0x00000000a1400000|100%| O|  |TAMS 0x00000000a1300000| PB 0x00000000a1300000| Untracked 
|   6|0x00000000a1400000, 0x00000000a1500000, 0x00000000a1500000|100%| O|  |TAMS 0x00000000a1400000| PB 0x00000000a1400000| Untracked 
|   7|0x00000000a1500000, 0x00000000a1600000, 0x00000000a1600000|100%| O|  |TAMS 0x00000000a1500000| PB 0x00000000a1500000| Untracked 
|   8|0x00000000a1600000, 0x00000000a1700000, 0x00000000a1700000|100%| O|  |TAMS 0x00000000a1600000| PB 0x00000000a1600000| Untracked 
|   9|0x00000000a1700000, 0x00000000a1800000, 0x00000000a1800000|100%| O|  |TAMS 0x00000000a1700000| PB 0x00000000a1700000| Untracked 
|  10|0x00000000a1800000, 0x00000000a1900000, 0x00000000a1900000|100%| O|  |TAMS 0x00000000a1800000| PB 0x00000000a1800000| Untracked 
|  11|0x00000000a1900000, 0x00000000a1a00000, 0x00000000a1a00000|100%| O|  |TAMS 0x00000000a1900000| PB 0x00000000a1900000| Untracked 
|  12|0x00000000a1a00000, 0x00000000a1b00000, 0x00000000a1b00000|100%| O|  |TAMS 0x00000000a1a00000| PB 0x00000000a1a00000| Untracked 
|  13|0x00000000a1b00000, 0x00000000a1c00000, 0x00000000a1c00000|100%| O|  |TAMS 0x00000000a1b00000| PB 0x00000000a1b00000| Untracked 
|  14|0x00000000a1c00000, 0x00000000a1d00000, 0x00000000a1d00000|100%| O|  |TAMS 0x00000000a1c00000| PB 0x00000000a1c00000| Untracked 
|  15|0x00000000a1d00000, 0x00000000a1e00000, 0x00000000a1e00000|100%| O|  |TAMS 0x00000000a1d00000| PB 0x00000000a1d00000| Untracked 
|  16|0x00000000a1e00000, 0x00000000a1f00000, 0x00000000a1f00000|100%| O|  |TAMS 0x00000000a1e00000| PB 0x00000000a1e00000| Untracked 
|  17|0x00000000a1f00000, 0x00000000a2000000, 0x00000000a2000000|100%| O|  |TAMS 0x00000000a1f00000| PB 0x00000000a1f00000| Untracked 
|  18|0x00000000a2000000, 0x00000000a2100000, 0x00000000a2100000|100%| O|  |TAMS 0x00000000a2000000| PB 0x00000000a2000000| Untracked 
|  19|0x00000000a2100000, 0x00000000a2200000, 0x00000000a2200000|100%| O|  |TAMS 0x00000000a2100000| PB 0x00000000a2100000| Untracked 
|  20|0x00000000a2200000, 0x00000000a2300000, 0x00000000a2300000|100%| O|  |TAMS 0x00000000a2200000| PB 0x00000000a2200000| Untracked 
|  21|0x00000000a2300000, 0x00000000a2400000, 0x00000000a2400000|100%| O|  |TAMS 0x00000000a2300000| PB 0x00000000a2300000| Untracked 
|  22|0x00000000a2400000, 0x00000000a2500000, 0x00000000a2500000|100%| O|  |TAMS 0x00000000a2400000| PB 0x00000000a2400000| Untracked 
|  23|0x00000000a2500000, 0x00000000a2600000, 0x00000000a2600000|100%| O|  |TAMS 0x00000000a2500000| PB 0x00000000a2500000| Untracked 
|  24|0x00000000a2600000, 0x00000000a2700000, 0x00000000a2700000|100%| O|  |TAMS 0x00000000a2600000| PB 0x00000000a2600000| Untracked 
|  25|0x00000000a2700000, 0x00000000a2800000, 0x00000000a2800000|100%| O|  |TAMS 0x00000000a2700000| PB 0x00000000a2700000| Complete 
|  26|0x00000000a2800000, 0x00000000a2900000, 0x00000000a2900000|100%| O|  |TAMS 0x00000000a2800000| PB 0x00000000a2800000| Untracked 
|  27|0x00000000a2900000, 0x00000000a2a00000, 0x00000000a2a00000|100%| O|  |TAMS 0x00000000a2900000| PB 0x00000000a2900000| Untracked 
|  28|0x00000000a2a00000, 0x00000000a2b00000, 0x00000000a2b00000|100%| O|  |TAMS 0x00000000a2a00000| PB 0x00000000a2a00000| Untracked 
|  29|0x00000000a2b00000, 0x00000000a2c00000, 0x00000000a2c00000|100%| O|  |TAMS 0x00000000a2b00000| PB 0x00000000a2b00000| Untracked 
|  30|0x00000000a2c00000, 0x00000000a2d00000, 0x00000000a2d00000|100%| O|  |TAMS 0x00000000a2c00000| PB 0x00000000a2c00000| Untracked 
|  31|0x00000000a2d00000, 0x00000000a2e00000, 0x00000000a2e00000|100%|HS|  |TAMS 0x00000000a2d00000| PB 0x00000000a2d00000| Complete 
|  32|0x00000000a2e00000, 0x00000000a2f00000, 0x00000000a2f00000|100%|HC|  |TAMS 0x00000000a2e00000| PB 0x00000000a2e00000| Complete 
|  33|0x00000000a2f00000, 0x00000000a3000000, 0x00000000a3000000|100%|HC|  |TAMS 0x00000000a2f00000| PB 0x00000000a2f00000| Complete 
|  34|0x00000000a3000000, 0x00000000a3100000, 0x00000000a3100000|100%|HC|  |TAMS 0x00000000a3000000| PB 0x00000000a3000000| Complete 
|  35|0x00000000a3100000, 0x00000000a3200000, 0x00000000a3200000|100%|HC|  |TAMS 0x00000000a3100000| PB 0x00000000a3100000| Complete 
|  36|0x00000000a3200000, 0x00000000a3300000, 0x00000000a3300000|100%|HS|  |TAMS 0x00000000a3200000| PB 0x00000000a3200000| Complete 
|  37|0x00000000a3300000, 0x00000000a3400000, 0x00000000a3400000|100%|HS|  |TAMS 0x00000000a3300000| PB 0x00000000a3300000| Complete 
|  38|0x00000000a3400000, 0x00000000a3500000, 0x00000000a3500000|100%|HC|  |TAMS 0x00000000a3400000| PB 0x00000000a3400000| Complete 
|  39|0x00000000a3500000, 0x00000000a3600000, 0x00000000a3600000|100%| O|  |TAMS 0x00000000a3500000| PB 0x00000000a3500000| Untracked 
|  40|0x00000000a3600000, 0x00000000a3700000, 0x00000000a3700000|100%| O|  |TAMS 0x00000000a3600000| PB 0x00000000a3600000| Untracked 
|  41|0x00000000a3700000, 0x00000000a3800000, 0x00000000a3800000|100%| O|  |TAMS 0x00000000a3700000| PB 0x00000000a3700000| Untracked 
|  42|0x00000000a3800000, 0x00000000a3900000, 0x00000000a3900000|100%| O|  |TAMS 0x00000000a3800000| PB 0x00000000a3800000| Untracked 
|  43|0x00000000a3900000, 0x00000000a396c600, 0x00000000a3a00000| 42%| O|  |TAMS 0x00000000a3900000| PB 0x00000000a3900000| Untracked 
|  44|0x00000000a3a00000, 0x00000000a3b00000, 0x00000000a3b00000|100%|HS|  |TAMS 0x00000000a3a00000| PB 0x00000000a3a00000| Complete 
|  45|0x00000000a3b00000, 0x00000000a3c00000, 0x00000000a3c00000|100%|HC|  |TAMS 0x00000000a3b00000| PB 0x00000000a3b00000| Complete 
|  46|0x00000000a3c00000, 0x00000000a3d00000, 0x00000000a3d00000|100%|HC|  |TAMS 0x00000000a3c00000| PB 0x00000000a3c00000| Complete 
|  47|0x00000000a3d00000, 0x00000000a3e00000, 0x00000000a3e00000|100%|HC|  |TAMS 0x00000000a3d00000| PB 0x00000000a3d00000| Complete 
|  48|0x00000000a3e00000, 0x00000000a3f00000, 0x00000000a3f00000|100%|HC|  |TAMS 0x00000000a3e00000| PB 0x00000000a3e00000| Complete 
|  49|0x00000000a3f00000, 0x00000000a4000000, 0x00000000a4000000|100%|HS|  |TAMS 0x00000000a3f00000| PB 0x00000000a3f00000| Complete 
|  50|0x00000000a4000000, 0x00000000a4100000, 0x00000000a4100000|100%|HC|  |TAMS 0x00000000a4000000| PB 0x00000000a4000000| Complete 
|  51|0x00000000a4100000, 0x00000000a4200000, 0x00000000a4200000|100%|HC|  |TAMS 0x00000000a4100000| PB 0x00000000a4100000| Complete 
|  52|0x00000000a4200000, 0x00000000a4300000, 0x00000000a4300000|100%|HC|  |TAMS 0x00000000a4200000| PB 0x00000000a4200000| Complete 
|  53|0x00000000a4300000, 0x00000000a4400000, 0x00000000a4400000|100%|HC|  |TAMS 0x00000000a4300000| PB 0x00000000a4300000| Complete 
|  54|0x00000000a4400000, 0x00000000a4500000, 0x00000000a4500000|100%|HS|  |TAMS 0x00000000a4400000| PB 0x00000000a4400000| Complete 
|  55|0x00000000a4500000, 0x00000000a4600000, 0x00000000a4600000|100%|HC|  |TAMS 0x00000000a4500000| PB 0x00000000a4500000| Complete 
|  56|0x00000000a4600000, 0x00000000a4700000, 0x00000000a4700000|100%|HC|  |TAMS 0x00000000a4600000| PB 0x00000000a4600000| Complete 
|  57|0x00000000a4700000, 0x00000000a4800000, 0x00000000a4800000|100%|HS|  |TAMS 0x00000000a4700000| PB 0x00000000a4700000| Complete 
|  58|0x00000000a4800000, 0x00000000a4900000, 0x00000000a4900000|100%|HC|  |TAMS 0x00000000a4800000| PB 0x00000000a4800000| Complete 
|  59|0x00000000a4900000, 0x00000000a4a00000, 0x00000000a4a00000|100%|HC|  |TAMS 0x00000000a4900000| PB 0x00000000a4900000| Complete 
|  60|0x00000000a4a00000, 0x00000000a4b00000, 0x00000000a4b00000|100%|HC|  |TAMS 0x00000000a4a00000| PB 0x00000000a4a00000| Complete 
|  61|0x00000000a4b00000, 0x00000000a4c00000, 0x00000000a4c00000|100%|HC|  |TAMS 0x00000000a4b00000| PB 0x00000000a4b00000| Complete 
|  62|0x00000000a4c00000, 0x00000000a4d00000, 0x00000000a4d00000|100%|HC|  |TAMS 0x00000000a4c00000| PB 0x00000000a4c00000| Complete 
|  63|0x00000000a4d00000, 0x00000000a4e00000, 0x00000000a4e00000|100%|HS|  |TAMS 0x00000000a4d00000| PB 0x00000000a4d00000| Complete 
|  64|0x00000000a4e00000, 0x00000000a4f00000, 0x00000000a4f00000|100%|HC|  |TAMS 0x00000000a4e00000| PB 0x00000000a4e00000| Complete 
|  65|0x00000000a4f00000, 0x00000000a5000000, 0x00000000a5000000|100%|HC|  |TAMS 0x00000000a4f00000| PB 0x00000000a4f00000| Complete 
|  66|0x00000000a5000000, 0x00000000a5100000, 0x00000000a5100000|100%|HC|  |TAMS 0x00000000a5000000| PB 0x00000000a5000000| Complete 
|  67|0x00000000a5100000, 0x00000000a5200000, 0x00000000a5200000|100%|HC|  |TAMS 0x00000000a5100000| PB 0x00000000a5100000| Complete 
|  68|0x00000000a5200000, 0x00000000a5300000, 0x00000000a5300000|100%|HC|  |TAMS 0x00000000a5200000| PB 0x00000000a5200000| Complete 
|  69|0x00000000a5300000, 0x00000000a5400000, 0x00000000a5400000|100%|HS|  |TAMS 0x00000000a5300000| PB 0x00000000a5300000| Complete 
|  70|0x00000000a5400000, 0x00000000a5500000, 0x00000000a5500000|100%|HC|  |TAMS 0x00000000a5400000| PB 0x00000000a5400000| Complete 
|  71|0x00000000a5500000, 0x00000000a5600000, 0x00000000a5600000|100%|HC|  |TAMS 0x00000000a5500000| PB 0x00000000a5500000| Complete 
|  72|0x00000000a5600000, 0x00000000a5700000, 0x00000000a5700000|100%|HC|  |TAMS 0x00000000a5600000| PB 0x00000000a5600000| Complete 
|  73|0x00000000a5700000, 0x00000000a5800000, 0x00000000a5800000|100%|HC|  |TAMS 0x00000000a5700000| PB 0x00000000a5700000| Complete 
|  74|0x00000000a5800000, 0x00000000a5900000, 0x00000000a5900000|100%|HC|  |TAMS 0x00000000a5800000| PB 0x00000000a5800000| Complete 
|  75|0x00000000a5900000, 0x00000000a5a00000, 0x00000000a5a00000|100%|HC|  |TAMS 0x00000000a5900000| PB 0x00000000a5900000| Complete 
|  76|0x00000000a5a00000, 0x00000000a5b00000, 0x00000000a5b00000|100%|HC|  |TAMS 0x00000000a5a00000| PB 0x00000000a5a00000| Complete 
|  77|0x00000000a5b00000, 0x00000000a5c00000, 0x00000000a5c00000|100%|HC|  |TAMS 0x00000000a5b00000| PB 0x00000000a5b00000| Complete 
|  78|0x00000000a5c00000, 0x00000000a5d00000, 0x00000000a5d00000|100%| E|CS|TAMS 0x00000000a5c00000| PB 0x00000000a5c00000| Complete 
|  79|0x00000000a5d00000, 0x00000000a5e00000, 0x00000000a5e00000|100%| E|CS|TAMS 0x00000000a5d00000| PB 0x00000000a5d00000| Complete 
|  80|0x00000000a5e00000, 0x00000000a5f00000, 0x00000000a5f00000|100%| E|CS|TAMS 0x00000000a5e00000| PB 0x00000000a5e00000| Complete 
|  81|0x00000000a5f00000, 0x00000000a5fac608, 0x00000000a6000000| 67%| E|CS|TAMS 0x00000000a5f00000| PB 0x00000000a5f00000| Complete 
|  82|0x00000000a6000000, 0x00000000a6100000, 0x00000000a6100000|100%| E|CS|TAMS 0x00000000a6000000| PB 0x00000000a6000000| Complete 
|  83|0x00000000a6100000, 0x00000000a6200000, 0x00000000a6200000|100%| E|CS|TAMS 0x00000000a6100000| PB 0x00000000a6100000| Complete 
|  84|0x00000000a6200000, 0x00000000a6300000, 0x00000000a6300000|100%| E|CS|TAMS 0x00000000a6200000| PB 0x00000000a6200000| Complete 
|  85|0x00000000a6300000, 0x00000000a6400000, 0x00000000a6400000|100%| E|CS|TAMS 0x00000000a6300000| PB 0x00000000a6300000| Complete 
|  86|0x00000000a6400000, 0x00000000a6500000, 0x00000000a6500000|100%| E|CS|TAMS 0x00000000a6400000| PB 0x00000000a6400000| Complete 
|  87|0x00000000a6500000, 0x00000000a6600000, 0x00000000a6600000|100%| E|CS|TAMS 0x00000000a6500000| PB 0x00000000a6500000| Complete 
|  88|0x00000000a6600000, 0x00000000a6700000, 0x00000000a6700000|100%| E|CS|TAMS 0x00000000a6600000| PB 0x00000000a6600000| Complete 
|  89|0x00000000a6700000, 0x00000000a6800000, 0x00000000a6800000|100%| E|CS|TAMS 0x00000000a6700000| PB 0x00000000a6700000| Complete 
|  90|0x00000000a6800000, 0x00000000a6900000, 0x00000000a6900000|100%| E|CS|TAMS 0x00000000a6800000| PB 0x00000000a6800000| Complete 
|  91|0x00000000a6900000, 0x00000000a6a00000, 0x00000000a6a00000|100%| E|CS|TAMS 0x00000000a6900000| PB 0x00000000a6900000| Complete 
|  92|0x00000000a6a00000, 0x00000000a6b00000, 0x00000000a6b00000|100%| E|CS|TAMS 0x00000000a6a00000| PB 0x00000000a6a00000| Complete 
|  93|0x00000000a6b00000, 0x00000000a6c00000, 0x00000000a6c00000|100%| E|CS|TAMS 0x00000000a6b00000| PB 0x00000000a6b00000| Complete 
|  94|0x00000000a6c00000, 0x00000000a6d00000, 0x00000000a6d00000|100%| E|CS|TAMS 0x00000000a6c00000| PB 0x00000000a6c00000| Complete 
|  95|0x00000000a6d00000, 0x00000000a6e00000, 0x00000000a6e00000|100%| E|CS|TAMS 0x00000000a6d00000| PB 0x00000000a6d00000| Complete 
|  96|0x00000000a6e00000, 0x00000000a6f00000, 0x00000000a6f00000|100%|HS|  |TAMS 0x00000000a6e00000| PB 0x00000000a6e00000| Complete 
|  97|0x00000000a6f00000, 0x00000000a7000000, 0x00000000a7000000|100%|HC|  |TAMS 0x00000000a6f00000| PB 0x00000000a6f00000| Complete 
|  98|0x00000000a7000000, 0x00000000a7100000, 0x00000000a7100000|100%|HC|  |TAMS 0x00000000a7000000| PB 0x00000000a7000000| Complete 
|  99|0x00000000a7100000, 0x00000000a7200000, 0x00000000a7200000|100%|HC|  |TAMS 0x00000000a7100000| PB 0x00000000a7100000| Complete 
| 100|0x00000000a7200000, 0x00000000a7300000, 0x00000000a7300000|100%|HS|  |TAMS 0x00000000a7200000| PB 0x00000000a7200000| Complete 
| 101|0x00000000a7300000, 0x00000000a7400000, 0x00000000a7400000|100%|HC|  |TAMS 0x00000000a7300000| PB 0x00000000a7300000| Complete 
| 102|0x00000000a7400000, 0x00000000a7500000, 0x00000000a7500000|100%|HC|  |TAMS 0x00000000a7400000| PB 0x00000000a7400000| Complete 
| 103|0x00000000a7500000, 0x00000000a7600000, 0x00000000a7600000|100%|HC|  |TAMS 0x00000000a7500000| PB 0x00000000a7500000| Complete 
| 104|0x00000000a7600000, 0x00000000a7700000, 0x00000000a7700000|100%|HC|  |TAMS 0x00000000a7600000| PB 0x00000000a7600000| Complete 
| 105|0x00000000a7700000, 0x00000000a7800000, 0x00000000a7800000|100%|HS|  |TAMS 0x00000000a7700000| PB 0x00000000a7700000| Complete 
| 106|0x00000000a7800000, 0x00000000a7900000, 0x00000000a7900000|100%|HC|  |TAMS 0x00000000a7800000| PB 0x00000000a7800000| Complete 
| 107|0x00000000a7900000, 0x00000000a7a00000, 0x00000000a7a00000|100%|HC|  |TAMS 0x00000000a7900000| PB 0x00000000a7900000| Complete 
| 108|0x00000000a7a00000, 0x00000000a7b00000, 0x00000000a7b00000|100%|HC|  |TAMS 0x00000000a7a00000| PB 0x00000000a7a00000| Complete 
| 109|0x00000000a7b00000, 0x00000000a7c00000, 0x00000000a7c00000|100%|HC|  |TAMS 0x00000000a7b00000| PB 0x00000000a7b00000| Complete 
| 110|0x00000000a7c00000, 0x00000000a7d00000, 0x00000000a7d00000|100%| S|  |TAMS 0x00000000a7c00000| PB 0x00000000a7c00000| Complete 

Card table byte_map: [0x0000026c72220000,0x0000026c72520000] _byte_map_base: 0x0000026c71d19000

Marking Bits: (CMBitMap*) 0x0000026c58c1a1b0
 Bits: [0x0000026c72820000, 0x0000026c73fe8000)

Polling page: 0x0000026c58c90000

Metaspace:

Usage:
  Non-class:     19.04 MB used.
      Class:      2.36 MB used.
       Both:     21.41 MB used.

Virtual space:
  Non-class space:       64.00 MB reserved,      19.19 MB ( 30%) committed,  1 nodes.
      Class space:        1.00 GB reserved,       2.44 MB ( <1%) committed,  1 nodes.
             Both:        1.06 GB reserved,      21.62 MB (  2%) committed. 

Chunk freelists:
   Non-Class:  752.00 KB
       Class:  1.57 MB
        Both:  2.31 MB

MaxMetaspaceSize: unlimited
CompressedClassSpaceSize: 1.00 GB
Initial GC threshold: 21.00 MB
Current GC threshold: 35.25 MB
CDS: on
MetaspaceReclaimPolicy: balanced
 - commit_granule_bytes: 65536.
 - commit_granule_words: 8192.
 - virtual_space_node_default_size: 8388608.
 - enlarge_chunks_in_place: 1.
 - new_chunks_are_fully_committed: 0.
 - uncommit_free_chunks: 1.
 - use_allocation_guard: 0.


Internal statistics:

num_allocs_failed_limit: 3.
num_arena_births: 118.
num_arena_deaths: 0.
num_vsnodes_births: 2.
num_vsnodes_deaths: 0.
num_space_committed: 346.
num_space_uncommitted: 0.
num_chunks_returned_to_freelist: 3.
num_chunks_taken_from_freelist: 760.
num_chunk_merges: 3.
num_chunk_splits: 631.
num_chunks_enlarged: 577.
num_inconsistent_stats: 0.

CodeHeap 'non-profiled nmethods': size=120000Kb used=1436Kb max_used=1436Kb free=118563Kb
 bounds [0x0000026c69f90000, 0x0000026c6a200000, 0x0000026c714c0000]
CodeHeap 'profiled nmethods': size=120000Kb used=4637Kb max_used=4637Kb free=115362Kb
 bounds [0x0000026c624c0000, 0x0000026c62950000, 0x0000026c699f0000]
CodeHeap 'non-nmethods': size=5760Kb used=1567Kb max_used=1633Kb free=4192Kb
 bounds [0x0000026c699f0000, 0x0000026c69c60000, 0x0000026c69f90000]
 total_blobs=3080 nmethods=2500 adapters=491
 compilation: enabled
              stopped_count=0, restarted_count=0
 full_count=0

Compilation events (20 events):
Event: 26.452 Thread 0x0000026c76a7a190 nmethod 2492 0x0000026c6a0f6a90 code [0x0000026c6a0f6c00, 0x0000026c6a0f6cc8]
Event: 26.452 Thread 0x0000026c76a7a190 2493       1       io.netty.handler.codec.DefaultHeaders$HeaderEntry::getKey (5 bytes)
Event: 26.452 Thread 0x0000026c76a7a190 nmethod 2493 0x0000026c6a0f6d90 code [0x0000026c6a0f6f00, 0x0000026c6a0f6fc8]
Event: 26.452 Thread 0x0000026c76a7a190 2494       3       java.lang.StringBuilder::append (8 bytes)
Event: 26.452 Thread 0x0000026c76a7a190 nmethod 2494 0x0000026c62941e90 code [0x0000026c62942020, 0x0000026c62942168]
Event: 26.452 Thread 0x0000026c76a7a190 2495       3       java.util.regex.Pattern$GroupHead::match (47 bytes)
Event: 26.452 Thread 0x0000026c76a7a190 nmethod 2495 0x0000026c62942210 code [0x0000026c629423c0, 0x0000026c62942620]
Event: 26.453 Thread 0x0000026c76a7a190 2496       3       java.util.regex.Pattern$$Lambda$88/0x0000026c010650a0::is (5 bytes)
Event: 26.453 Thread 0x0000026c76a7a190 nmethod 2496 0x0000026c62942790 code [0x0000026c62942920, 0x0000026c62942ba0]
Event: 26.453 Thread 0x0000026c76a7a190 2497       3       java.util.regex.Pattern::lambda$DOT$11 (34 bytes)
Event: 26.453 Thread 0x0000026c76a7a190 nmethod 2497 0x0000026c62942c90 code [0x0000026c62942e20, 0x0000026c62943020]
Event: 26.453 Thread 0x0000026c76a7a190 2498       3       java.util.regex.Pattern$BitClass::is (22 bytes)
Event: 26.453 Thread 0x0000026c76a7a190 nmethod 2498 0x0000026c62943090 code [0x0000026c62943220, 0x0000026c629433f8]
Event: 26.454 Thread 0x0000026c76a7a190 2499       3       io.pebbletemplates.pebble.node.TextNode::render (9 bytes)
Event: 26.455 Thread 0x0000026c76a79810 2500   !   4       io.pebbletemplates.pebble.node.expression.FilterExpression::evaluate (188 bytes)
Event: 26.455 Thread 0x0000026c76a7a190 nmethod 2499 0x0000026c62943510 code [0x0000026c629436a0, 0x0000026c62943968]
Event: 26.455 Thread 0x0000026c76a7a190 2501       3       io.pebbletemplates.pebble.node.expression.GetAttributeExpression::evaluate (264 bytes)
Event: 26.457 Thread 0x0000026c76a7a190 nmethod 2501 0x0000026c62943a90 code [0x0000026c62943e20, 0x0000026c629458c0]
Event: 26.457 Thread 0x0000026c76a7a190 2502       3       io.pebbletemplates.pebble.node.BodyNode::render (83 bytes)
Event: 26.458 Thread 0x0000026c76a7a190 nmethod 2502 0x0000026c62946210 code [0x0000026c62946460, 0x0000026c62947050]

GC Heap History (9 events):
Event: 0.785 GC heap before
{Heap before GC invocations=0 (full 0):
 garbage-first heap   total 98304K, used 22528K [0x00000000a0e00000, 0x0000000100000000)
  region size 1024K, 23 young (23552K), 0 survivors (0K)
 Metaspace       used 6596K, committed 6720K, reserved 1114112K
  class space    used 673K, committed 704K, reserved 1048576K
}
Event: 0.793 GC heap after
{Heap after GC invocations=1 (full 0):
 garbage-first heap   total 98304K, used 3520K [0x00000000a0e00000, 0x0000000100000000)
  region size 1024K, 3 young (3072K), 3 survivors (3072K)
 Metaspace       used 6596K, committed 6720K, reserved 1114112K
  class space    used 673K, committed 704K, reserved 1048576K
}
Event: 1.637 GC heap before
{Heap before GC invocations=1 (full 0):
 garbage-first heap   total 98304K, used 36288K [0x00000000a0e00000, 0x0000000100000000)
  region size 1024K, 35 young (35840K), 3 survivors (3072K)
 Metaspace       used 13413K, committed 13632K, reserved 1114112K
  class space    used 1389K, committed 1472K, reserved 1048576K
}
Event: 1.648 GC heap after
{Heap after GC invocations=2 (full 0):
 garbage-first heap   total 98304K, used 7548K [0x00000000a0e00000, 0x0000000100000000)
  region size 1024K, 4 young (4096K), 4 survivors (4096K)
 Metaspace       used 13413K, committed 13632K, reserved 1114112K
  class space    used 1389K, committed 1472K, reserved 1048576K
}
Event: 2.122 GC heap before
{Heap before GC invocations=2 (full 0):
 garbage-first heap   total 98304K, used 61820K [0x00000000a0e00000, 0x0000000100000000)
  region size 1024K, 57 young (58368K), 4 survivors (4096K)
 Metaspace       used 15625K, committed 15808K, reserved 1114112K
  class space    used 1689K, committed 1792K, reserved 1048576K
}
Event: 2.147 GC heap after
{Heap after GC invocations=3 (full 0):
 garbage-first heap   total 98304K, used 34816K [0x00000000a0e00000, 0x0000000100000000)
  region size 1024K, 8 young (8192K), 8 survivors (8192K)
 Metaspace       used 15625K, committed 15808K, reserved 1114112K
  class space    used 1689K, committed 1792K, reserved 1048576K
}
Event: 4.923 GC heap before
{Heap before GC invocations=3 (full 0):
 garbage-first heap   total 98304K, used 49152K [0x00000000a0e00000, 0x0000000100000000)
  region size 1024K, 23 young (23552K), 8 survivors (8192K)
 Metaspace       used 21339K, committed 21504K, reserved 1114112K
  class space    used 2381K, committed 2496K, reserved 1048576K
}
Event: 4.931 GC heap after
{Heap after GC invocations=4 (full 0):
 garbage-first heap   total 98304K, used 39345K [0x00000000a0e00000, 0x0000000100000000)
  region size 1024K, 3 young (3072K), 3 survivors (3072K)
 Metaspace       used 21339K, committed 21504K, reserved 1114112K
  class space    used 2381K, committed 2496K, reserved 1048576K
}
Event: 26.458 GC heap before
{Heap before GC invocations=5 (full 0):
 garbage-first heap   total 112640K, used 111025K [0x00000000a0e00000, 0x0000000100000000)
  region size 1024K, 18 young (18432K), 3 survivors (3072K)
 Metaspace       used 21920K, committed 22144K, reserved 1114112K
  class space    used 2420K, committed 2496K, reserved 1048576K
}

Dll operation events (9 events):
Event: 0.010 Loaded shared library C:\Program Files\Java\jdk-20\bin\java.dll
Event: 0.040 Loaded shared library C:\Program Files\Java\jdk-20\bin\jsvml.dll
Event: 0.120 Loaded shared library C:\Program Files\Java\jdk-20\bin\net.dll
Event: 0.123 Loaded shared library C:\Program Files\Java\jdk-20\bin\nio.dll
Event: 0.128 Loaded shared library C:\Program Files\Java\jdk-20\bin\zip.dll
Event: 0.330 Loaded shared library C:\Program Files\Java\jdk-20\bin\jimage.dll
Event: 1.876 Loaded shared library C:\Program Files\Java\jdk-20\bin\verify.dll
Event: 2.207 Loaded shared library C:\Program Files\Java\jdk-20\bin\sunmscapi.dll
Event: 2.347 Loaded shared library C:\Program Files\Java\jdk-20\bin\extnet.dll

Deoptimization events (20 events):
Event: 6.315 Thread 0x0000026c7d27d100 DEOPT PACKING pc=0x0000026c6a08083c sp=0x000000c0d3efdcd0
Event: 6.315 Thread 0x0000026c7d27d100 DEOPT UNPACKING pc=0x0000026c69a59d22 sp=0x000000c0d3efdc88 mode 2
Event: 6.359 Thread 0x0000026c7d27d100 DEOPT PACKING pc=0x0000026c6285e8c7 sp=0x000000c0d3efc340
Event: 6.359 Thread 0x0000026c7d27d100 DEOPT UNPACKING pc=0x0000026c69a5a4c2 sp=0x000000c0d3efb7c0 mode 0
Event: 26.453 Thread 0x0000026c7bc23850 Uncommon trap: trap_request=0xffffff45 fr.pc=0x0000026c6a0e05d8 relative=0x0000000000005778
Event: 26.453 Thread 0x0000026c7bc23850 Uncommon trap: reason=unstable_if action=reinterpret pc=0x0000026c6a0e05d8 method=io.pebbletemplates.pebble.node.BodyNode.render(Lio/pebbletemplates/pebble/template/PebbleTemplateImpl;Ljava/io/Writer;Lio/pebbletemplates/pebble/template/EvaluationContextIm
Event: 26.453 Thread 0x0000026c7bc23850 DEOPT PACKING pc=0x0000026c6a0e05d8 sp=0x000000c0d3ffda60
Event: 26.453 Thread 0x0000026c7bc23850 DEOPT UNPACKING pc=0x0000026c69a59d22 sp=0x000000c0d3ffdb30 mode 2
Event: 26.453 Thread 0x0000026c7bc23850 Uncommon trap: trap_request=0xffffff45 fr.pc=0x0000026c6a0b1fc4 relative=0x0000000000000584
Event: 26.453 Thread 0x0000026c7bc23850 Uncommon trap: reason=unstable_if action=reinterpret pc=0x0000026c6a0b1fc4 method=java.lang.AbstractStringBuilder.appendChars([CII)V @ 10 c2
Event: 26.453 Thread 0x0000026c7bc23850 DEOPT PACKING pc=0x0000026c6a0b1fc4 sp=0x000000c0d3ffda50
Event: 26.454 Thread 0x0000026c7bc23850 DEOPT UNPACKING pc=0x0000026c69a59d22 sp=0x000000c0d3ffd7b8 mode 2
Event: 26.454 Thread 0x0000026c7bc23850 Uncommon trap: trap_request=0xffffff45 fr.pc=0x0000026c6a0d0fa8 relative=0x0000000000000bc8
Event: 26.454 Thread 0x0000026c7bc23850 Uncommon trap: reason=unstable_if action=reinterpret pc=0x0000026c6a0d0fa8 method=io.pebbletemplates.pebble.template.ScopeChain.get(Ljava/lang/String;)Ljava/lang/Object; @ 18 c2
Event: 26.454 Thread 0x0000026c7bc23850 DEOPT PACKING pc=0x0000026c6a0d0fa8 sp=0x000000c0d3ffd690
Event: 26.454 Thread 0x0000026c7bc23850 DEOPT UNPACKING pc=0x0000026c69a59d22 sp=0x000000c0d3ffd5b8 mode 2
Event: 26.454 Thread 0x0000026c7bc23850 Uncommon trap: trap_request=0xffffffdc fr.pc=0x0000026c6a0bf35c relative=0x0000000000003d7c
Event: 26.454 Thread 0x0000026c7bc23850 Uncommon trap: reason=class_check action=make_not_entrant pc=0x0000026c6a0bf35c method=java.util.ArrayList.toArray([Ljava/lang/Object;)[Ljava/lang/Object; @ 21 c2
Event: 26.454 Thread 0x0000026c7bc23850 DEOPT PACKING pc=0x0000026c6a0bf35c sp=0x000000c0d3ffd540
Event: 26.454 Thread 0x0000026c7bc23850 DEOPT UNPACKING pc=0x0000026c69a59d22 sp=0x000000c0d3ffd168 mode 2

Classes loaded (20 events):
Event: 4.858 Loading class sun/nio/ch/IOVecWrapper$Deallocator
Event: 4.858 Loading class sun/nio/ch/IOVecWrapper$Deallocator done
Event: 4.946 Loading class java/io/PushbackInputStream
Event: 4.946 Loading class java/io/PushbackInputStream done
Event: 6.037 Loading class java/lang/Short$ShortCache
Event: 6.038 Loading class java/lang/Short$ShortCache done
Event: 6.154 Loading class java/time/zone/ZoneRulesProvider
Event: 6.154 Loading class java/time/zone/ZoneRulesProvider done
Event: 6.154 Loading class java/time/zone/ZoneRulesProvider$1
Event: 6.155 Loading class java/time/zone/ZoneRulesProvider$1 done
Event: 6.155 Loading class java/time/zone/TzdbZoneRulesProvider
Event: 6.155 Loading class java/time/zone/TzdbZoneRulesProvider done
Event: 6.161 Loading class java/time/zone/Ser
Event: 6.161 Loading class java/io/Externalizable
Event: 6.162 Loading class java/io/Externalizable done
Event: 6.162 Loading class java/time/zone/Ser done
Event: 6.163 Loading class java/time/zone/ZoneOffsetTransition
Event: 6.163 Loading class java/time/zone/ZoneOffsetTransition done
Event: 6.165 Loading class java/time/format/DateTimePrintContext$1
Event: 6.165 Loading class java/time/format/DateTimePrintContext$1 done

Classes unloaded (0 events):
No events

Classes redefined (0 events):
No events

Internal exceptions (20 events):
Event: 0.671 Thread 0x0000026c58bc7f50 Exception <a 'java/lang/NoSuchMethodError'{0x00000000a5a738c8}: 'long java.lang.invoke.DirectMethodHandle$Holder.invokeStaticInit(java.lang.Object, java.lang.Object)'> (0x00000000a5a738c8) 
thrown [s\open\src\hotspot\share\interpreter\linkResolver.cpp, line 773]
Event: 0.673 Thread 0x0000026c58bc7f50 Exception <a 'java/lang/NoSuchMethodError'{0x00000000a5a81650}: 'long java.lang.invoke.DirectMethodHandle$Holder.invokeInterface(java.lang.Object, java.lang.Object)'> (0x00000000a5a81650) 
thrown [s\open\src\hotspot\share\interpreter\linkResolver.cpp, line 773]
Event: 0.673 Thread 0x0000026c58bc7f50 Exception <a 'java/lang/IncompatibleClassChangeError'{0x00000000a5a846e0}: Found class java.lang.Object, but interface was expected> (0x00000000a5a846e0) 
thrown [s\open\src\hotspot\share\interpreter\linkResolver.cpp, line 840]
Event: 0.728 Thread 0x0000026c58bc7f50 Exception <a 'java/lang/NoSuchMethodError'{0x00000000a59d4498}: 'java.lang.Object java.lang.invoke.DirectMethodHandle$Holder.newInvokeSpecial(java.lang.Object, java.lang.Object, java.lang.Object, java.lang.Object, java.lang.Object)'> (0x00000000a59d4498) 
thrown [s\open\src\hotspot\share\interpreter\linkResolver.cpp, line 773]
Event: 1.211 Thread 0x0000026c58bc7f50 Exception <a 'java/lang/NoSuchMethodError'{0x00000000a5d885d0}: 'java.lang.Object java.lang.invoke.DirectMethodHandle$Holder.invokeInterface(java.lang.Object, java.lang.Object)'> (0x00000000a5d885d0) 
thrown [s\open\src\hotspot\share\interpreter\linkResolver.cpp, line 773]
Event: 1.214 Thread 0x0000026c58bc7f50 Exception <a 'java/lang/NoSuchMethodError'{0x00000000a5d8f0d0}: 'int java.lang.invoke.DirectMethodHandle$Holder.invokeInterface(java.lang.Object, java.lang.Object)'> (0x00000000a5d8f0d0) 
thrown [s\open\src\hotspot\share\interpreter\linkResolver.cpp, line 773]
Event: 1.215 Thread 0x0000026c58bc7f50 Exception <a 'java/lang/NoSuchMethodError'{0x00000000a5d93838}: 'int java.lang.invoke.DirectMethodHandle$Holder.invokeSpecial(java.lang.Object, java.lang.Object, java.lang.Object)'> (0x00000000a5d93838) 
thrown [s\open\src\hotspot\share\interpreter\linkResolver.cpp, line 773]
Event: 1.538 Thread 0x0000026c58bc7f50 Exception <a 'java/lang/NoSuchMethodError'{0x00000000a4fd8978}: 'java.lang.Object java.lang.invoke.DirectMethodHandle$Holder.newInvokeSpecial(java.lang.Object, java.lang.Object, java.lang.Object, java.lang.Object, java.lang.Object, java.lang.Object, java.lang.Object, java.lang.Object, java.lang.Object, java.lang.Object, java.lang.Object)'> (0x00000000a4fd8978) 
thrown [s\open\src\hotspot\share\interpreter\linkResolver.cpp, line 773]
Event: 1.542 Thread 0x0000026c58bc7f50 Exception <a 'java/lang/NoSuchMethodError'{0x00000000a4ff0cc8}: 'java.lang.Object java.lang.invoke.DirectMethodHandle$Holder.invokeStatic(java.lang.Object, java.lang.Object, int)'> (0x00000000a4ff0cc8) 
thrown [s\open\src\hotspot\share\interpreter\linkResolver.cpp, line 773]
Event: 1.543 Thread 0x0000026c58bc7f50 Exception <a 'java/lang/NoSuchMethodError'{0x00000000a4ffbf50}: 'void java.lang.invoke.DelegatingMethodHandle$Holder.delegate(java.lang.Object, java.lang.Object, int, java.lang.Object)'> (0x00000000a4ffbf50) 
thrown [s\open\src\hotspot\share\interpreter\linkResolver.cpp, line 773]
Event: 1.906 Thread 0x0000026c58bc7f50 Exception <a 'java/lang/NoSuchMethodError'{0x00000000a3bf66b8}: 'java.lang.Object java.lang.invoke.DirectMethodHandle$Holder.invokeInterface(java.lang.Object, java.lang.Object, java.lang.Object)'> (0x00000000a3bf66b8) 
thrown [s\open\src\hotspot\share\interpreter\linkResolver.cpp, line 773]
Event: 1.912 Thread 0x0000026c58bc7f50 Exception <a 'java/lang/NoSuchMethodError'{0x00000000a3a2dd60}: 'int java.lang.invoke.DirectMethodHandle$Holder.invokeStaticInit(java.lang.Object, java.lang.Object)'> (0x00000000a3a2dd60) 
thrown [s\open\src\hotspot\share\interpreter\linkResolver.cpp, line 773]
Event: 2.117 Thread 0x0000026c58bc7f50 Exception <a 'java/lang/NoSuchMethodError'{0x00000000a35f0e28}: 'void java.lang.invoke.DirectMethodHandle$Holder.invokeSpecial(java.lang.Object, java.lang.Object, java.lang.Object)'> (0x00000000a35f0e28) 
thrown [s\open\src\hotspot\share\interpreter\linkResolver.cpp, line 773]
Event: 2.192 Thread 0x0000026c58bc7f50 Exception <a 'java/lang/NoSuchMethodError'{0x00000000a6c06ed8}: 'java.lang.Object java.lang.invoke.DirectMethodHandle$Holder.invokeStaticInit(java.lang.Object, int, int, int, int)'> (0x00000000a6c06ed8) 
thrown [s\open\src\hotspot\share\interpreter\linkResolver.cpp, line 773]
Event: 2.337 Thread 0x0000026c58bc7f50 Exception <a 'java/lang/NoSuchMethodError'{0x00000000a6b30be0}: 'java.lang.Object java.lang.invoke.DirectMethodHandle$Holder.invokeStaticInit(java.lang.Object, java.lang.Object, int, int, int, int)'> (0x00000000a6b30be0) 
thrown [s\open\src\hotspot\share\interpreter\linkResolver.cpp, line 773]
Event: 2.576 Thread 0x0000026c58bc7f50 Exception <a 'java/lang/NoSuchMethodError'{0x00000000a6ab0098}: 'java.lang.Object java.lang.invoke.DirectMethodHandle$Holder.invokeStatic(java.lang.Object, long, java.lang.Object)'> (0x00000000a6ab0098) 
thrown [s\open\src\hotspot\share\interpreter\linkResolver.cpp, line 773]
Event: 2.577 Thread 0x0000026c58bc7f50 Exception <a 'java/lang/NoSuchMethodError'{0x00000000a6ab3820}: 'java.lang.Object java.lang.invoke.DirectMethodHandle$Holder.invokeStaticInit(java.lang.Object, long, java.lang.Object)'> (0x00000000a6ab3820) 
thrown [s\open\src\hotspot\share\interpreter\linkResolver.cpp, line 773]
Event: 2.577 Thread 0x0000026c58bc7f50 Exception <a 'java/lang/NoSuchMethodError'{0x00000000a6ab9748}: 'java.lang.Object java.lang.invoke.DirectMethodHandle$Holder.newInvokeSpecial(java.lang.Object, long)'> (0x00000000a6ab9748) 
thrown [s\open\src\hotspot\share\interpreter\linkResolver.cpp, line 773]
Event: 2.582 Thread 0x0000026c58bc7f50 Exception <a 'java/lang/NoSuchMethodError'{0x00000000a6ac0550}: 'long java.lang.invoke.DelegatingMethodHandle$Holder.reinvoke_L(java.lang.Object, java.lang.Object)'> (0x00000000a6ac0550) 
thrown [s\open\src\hotspot\share\interpreter\linkResolver.cpp, line 773]
Event: 6.151 Thread 0x0000026c7d27d100 Exception <a 'java/lang/NoSuchMethodError'{0x00000000a6beae80}: 'int java.lang.invoke.DirectMethodHandle$Holder.invokeVirtual(java.lang.Object, java.lang.Object)'> (0x00000000a6beae80) 
thrown [s\open\src\hotspot\share\interpreter\linkResolver.cpp, line 773]

VM Operations (20 events):
Event: 2.587 Executing VM operation: HandshakeAllThreads done
Event: 2.656 Executing VM operation: HandshakeAllThreads
Event: 2.656 Executing VM operation: HandshakeAllThreads done
Event: 3.661 Executing VM operation: Cleanup
Event: 3.661 Executing VM operation: Cleanup done
Event: 4.670 Executing VM operation: Cleanup
Event: 4.670 Executing VM operation: Cleanup done
Event: 4.810 Executing VM operation: HandshakeAllThreads
Event: 4.810 Executing VM operation: HandshakeAllThreads done
Event: 4.923 Executing VM operation: CollectForMetadataAllocation
Event: 4.931 Executing VM operation: CollectForMetadataAllocation done
Event: 4.944 Executing VM operation: G1PauseRemark
Event: 4.945 Executing VM operation: G1PauseRemark done
Event: 4.954 Executing VM operation: G1PauseCleanup
Event: 4.954 Executing VM operation: G1PauseCleanup done
Event: 5.959 Executing VM operation: Cleanup
Event: 5.959 Executing VM operation: Cleanup done
Event: 6.963 Executing VM operation: Cleanup
Event: 6.963 Executing VM operation: Cleanup done
Event: 26.458 Executing VM operation: G1CollectForAllocation

Events (20 events):
Event: 0.057 Thread 0x0000026c76a729e0 Thread added: 0x0000026c76a729e0
Event: 0.057 Thread 0x0000026c76a74690 Thread added: 0x0000026c76a74690
Event: 0.057 Thread 0x0000026c76a79810 Thread added: 0x0000026c76a79810
Event: 0.057 Thread 0x0000026c76a7a190 Thread added: 0x0000026c76a7a190
Event: 0.108 Thread 0x0000026c7ace5230 Thread added: 0x0000026c7ace5230
Event: 0.113 Thread 0x0000026c7acf1230 Thread added: 0x0000026c7acf1230
Event: 0.351 Thread 0x0000026c7b052af0 Thread added: 0x0000026c7b052af0
Event: 2.472 Thread 0x0000026c7b052af0 Thread exited: 0x0000026c7b052af0
Event: 2.677 Thread 0x0000026c7c00f0a0 Thread added: 0x0000026c7c00f0a0
Event: 4.476 Thread 0x0000026c7bbe9060 Thread added: 0x0000026c7bbe9060
Event: 4.477 Thread 0x0000026c7bbe95b0 Thread added: 0x0000026c7bbe95b0
Event: 4.795 Thread 0x0000026c7bbf5e80 Thread added: 0x0000026c7bbf5e80
Event: 4.904 Thread 0x0000026c7c67a940 Thread added: 0x0000026c7c67a940
Event: 5.850 Thread 0x0000026c7d27d100 Thread added: 0x0000026c7d27d100
Event: 5.850 Thread 0x0000026c7bbf5e80 Thread exited: 0x0000026c7bbf5e80
Event: 5.940 Thread 0x0000026c7bbf5e80 Thread added: 0x0000026c7bbf5e80
Event: 6.160 Thread 0x0000026c7c055b90 Thread added: 0x0000026c7c055b90
Event: 12.339 Thread 0x0000026c7c055b90 Thread exited: 0x0000026c7c055b90
Event: 26.435 Thread 0x0000026c7bc23850 Thread added: 0x0000026c7bc23850
Event: 26.436 Thread 0x0000026c7bc22310 Thread added: 0x0000026c7bc22310


Dynamic libraries:
0x00007ff69fb30000 - 0x00007ff69fb40000 	C:\Program Files\Java\jdk-20\bin\java.exe
0x00007fff27e10000 - 0x00007fff28008000 	C:\Windows\SYSTEM32\ntdll.dll
0x00007fff26d40000 - 0x00007fff26dfd000 	C:\Windows\System32\KERNEL32.DLL
0x00007fff254c0000 - 0x00007fff257b6000 	C:\Windows\System32\KERNELBASE.dll
0x00007fff25a60000 - 0x00007fff25b60000 	C:\Windows\System32\ucrtbase.dll
0x00007fff140f0000 - 0x00007fff1410b000 	C:\Program Files\Java\jdk-20\bin\VCRUNTIME140.dll
0x00007fff140d0000 - 0x00007fff140e9000 	C:\Program Files\Java\jdk-20\bin\jli.dll
0x00007fff27cc0000 - 0x00007fff27d70000 	C:\Windows\System32\ADVAPI32.dll
0x00007fff27960000 - 0x00007fff279fe000 	C:\Windows\System32\msvcrt.dll
0x00007fff26a10000 - 0x00007fff26ab0000 	C:\Windows\System32\sechost.dll
0x00007fff25f00000 - 0x00007fff26025000 	C:\Windows\System32\RPCRT4.dll
0x00007fff25d80000 - 0x00007fff25da7000 	C:\Windows\System32\bcrypt.dll
0x00007fff27aa0000 - 0x00007fff27c3e000 	C:\Windows\System32\USER32.dll
0x00007fff258d0000 - 0x00007fff258f2000 	C:\Windows\System32\win32u.dll
0x00007fff0f650000 - 0x00007fff0f8ea000 	C:\Windows\WinSxS\amd64_microsoft.windows.common-controls_6595b64144ccf1df_6.0.19041.3636_none_60b6a03d71f818d5\COMCTL32.dll
0x00007fff26be0000 - 0x00007fff26c0b000 	C:\Windows\System32\GDI32.dll
0x00007fff25b60000 - 0x00007fff25c77000 	C:\Windows\System32\gdi32full.dll
0x00007fff257c0000 - 0x00007fff2585d000 	C:\Windows\System32\msvcp_win.dll
0x00007fff1e790000 - 0x00007fff1e79a000 	C:\Windows\SYSTEM32\VERSION.dll
0x00007fff27a00000 - 0x00007fff27a32000 	C:\Windows\System32\IMM32.DLL
0x00007fff14070000 - 0x00007fff1407c000 	C:\Program Files\Java\jdk-20\bin\vcruntime140_1.dll
0x00007fff07ec0000 - 0x00007fff07f4e000 	C:\Program Files\Java\jdk-20\bin\msvcp140.dll
0x00007ffee4e40000 - 0x00007ffee5ad8000 	C:\Program Files\Java\jdk-20\bin\server\jvm.dll
0x00007fff1b8d0000 - 0x00007fff1b8f7000 	C:\Windows\SYSTEM32\WINMM.dll
0x00007fff22840000 - 0x00007fff22849000 	C:\Windows\SYSTEM32\WSOCK32.dll
0x00007fff27440000 - 0x00007fff274ab000 	C:\Windows\System32\WS2_32.dll
0x00007fff23d00000 - 0x00007fff23d12000 	C:\Windows\SYSTEM32\kernel.appcore.dll
0x00007fff13ed0000 - 0x00007fff13eda000 	C:\Program Files\Java\jdk-20\bin\jimage.dll
0x00007fff23b00000 - 0x00007fff23ce4000 	C:\Windows\SYSTEM32\DBGHELP.DLL
0x00007fff17580000 - 0x00007fff175b4000 	C:\Windows\SYSTEM32\dbgcore.DLL
0x00007fff25db0000 - 0x00007fff25e32000 	C:\Windows\System32\bcryptPrimitives.dll
0x00007fff0e690000 - 0x00007fff0e6b6000 	C:\Program Files\Java\jdk-20\bin\java.dll
0x00007ffef65b0000 - 0x00007ffef6687000 	C:\Program Files\Java\jdk-20\bin\jsvml.dll
0x00007fff262a0000 - 0x00007fff26a0b000 	C:\Windows\System32\SHELL32.dll
0x00007fff23290000 - 0x00007fff23a2e000 	C:\Windows\SYSTEM32\windows.storage.dll
0x00007fff27570000 - 0x00007fff278c3000 	C:\Windows\System32\combase.dll
0x00007fff24e20000 - 0x00007fff24e4e000 	C:\Windows\SYSTEM32\Wldp.dll
0x00007fff27270000 - 0x00007fff2733d000 	C:\Windows\System32\OLEAUT32.dll
0x00007fff26030000 - 0x00007fff260dd000 	C:\Windows\System32\SHCORE.dll
0x00007fff274b0000 - 0x00007fff27505000 	C:\Windows\System32\shlwapi.dll
0x00007fff253f0000 - 0x00007fff25415000 	C:\Windows\SYSTEM32\profapi.dll
0x00007fff0e5e0000 - 0x00007fff0e5f3000 	C:\Program Files\Java\jdk-20\bin\net.dll
0x00007fff1bae0000 - 0x00007fff1bbea000 	C:\Windows\SYSTEM32\WINHTTP.dll
0x00007fff24b80000 - 0x00007fff24bea000 	C:\Windows\system32\mswsock.dll
0x00007fff086a0000 - 0x00007fff086b6000 	C:\Program Files\Java\jdk-20\bin\nio.dll
0x00007fff0e670000 - 0x00007fff0e688000 	C:\Program Files\Java\jdk-20\bin\zip.dll
0x00007fff13ba0000 - 0x00007fff13bb0000 	C:\Program Files\Java\jdk-20\bin\verify.dll
0x00007fff094a0000 - 0x00007fff094ae000 	C:\Program Files\Java\jdk-20\bin\sunmscapi.dll
0x00007fff25900000 - 0x00007fff25a5d000 	C:\Windows\System32\CRYPT32.dll
0x00007fff24e90000 - 0x00007fff24eb8000 	C:\Windows\SYSTEM32\ncrypt.dll
0x00007fff24e50000 - 0x00007fff24e8b000 	C:\Windows\SYSTEM32\NTASN1.dll
0x00007fff1f3a0000 - 0x00007fff1f3a7000 	C:\Windows\system32\wshunix.dll
0x00007fff24d80000 - 0x00007fff24d98000 	C:\Windows\SYSTEM32\CRYPTSP.dll
0x00007fff244b0000 - 0x00007fff244e4000 	C:\Windows\system32\rsaenh.dll
0x00007fff253b0000 - 0x00007fff253de000 	C:\Windows\SYSTEM32\USERENV.dll
0x00007fff24d70000 - 0x00007fff24d7c000 	C:\Windows\SYSTEM32\CRYPTBASE.dll
0x00007fff24870000 - 0x00007fff248ab000 	C:\Windows\SYSTEM32\IPHLPAPI.DLL
0x00007fff25e40000 - 0x00007fff25e48000 	C:\Windows\System32\NSI.dll
0x00007fff1e270000 - 0x00007fff1e287000 	C:\Windows\SYSTEM32\dhcpcsvc6.DLL
0x00007fff1e630000 - 0x00007fff1e64d000 	C:\Windows\SYSTEM32\dhcpcsvc.DLL
0x00007fff248b0000 - 0x00007fff2497b000 	C:\Windows\SYSTEM32\DNSAPI.dll
0x00007fff0e5d0000 - 0x00007fff0e5d7000 	C:\Program Files\Java\jdk-20\bin\extnet.dll

dbghelp: loaded successfully - version: 4.0.5 - missing functions: none
symbol engine: initialized successfully - sym options: 0x614 - pdb path: .;C:\Program Files\Java\jdk-20\bin;C:\Windows\SYSTEM32;C:\Windows\WinSxS\amd64_microsoft.windows.common-controls_6595b64144ccf1df_6.0.19041.3636_none_60b6a03d71f818d5;C:\Program Files\Java\jdk-20\bin\server

VM Arguments:
jvm_args: -Dfile.encoding=windows-1251 -Duser.country=RU -Duser.language=ru -Duser.variant 
java_command: ru.yarsu.WebApplicationKt
java_class_path (initial): C:\Users\Evgen\Desktop\example\build\classes\java\main;C:\Users\Evgen\Desktop\example\build\classes\kotlin\main;C:\Users\Evgen\Desktop\example\build\resources\main;C:\Users\Evgen\.gradle\caches\modules-2\files-2.1\org.http4k\http4k-format-jackson\5.14.0.0\d6819b14679279fddea6d43db2eab8d6c8f5b1c1\http4k-format-jackson-5.14.0.0.jar;C:\Users\Evgen\.gradle\caches\modules-2\files-2.1\com.fasterxml.jackson.datatype\jackson-datatype-jsr310\2.16.1\36a418325c618e440e5ccb80b75c705d894f50bd\jackson-datatype-jsr310-2.16.1.jar;C:\Users\Evgen\.gradle\caches\modules-2\files-2.1\com.fasterxml.jackson.core\jackson-databind\2.16.1\2a16efeb840c45af1e2f31753dfe76795278b73\jackson-databind-2.16.1.jar;C:\Users\Evgen\.gradle\caches\modules-2\files-2.1\com.fasterxml.jackson.core\jackson-annotations\2.16.1\fd441d574a71e7d10a4f73de6609f881d8cdfeec\jackson-annotations-2.16.1.jar;C:\Users\Evgen\.gradle\caches\modules-2\files-2.1\com.fasterxml.jackson.core\jackson-core\2.16.1\9456bb3cdd0f79f91a5f730a1b1bb041a380c91f\jackson-core-2.16.1.jar;C:\Users\Evgen\.gradle\caches\modules-2\files-2.1\com.fasterxml.jackson.module\jackson-module-kotlin\2.16.1\1e762d7056f7dc368af3854f2992b82206d39ed4\jackson-module-kotlin-2.16.1.jar;C:\Users\Evgen\.gradle\caches\modules-2\files-2.1\org.slf4j\slf4j-simple\1.6.1\58e59bfb3e247097b8122243b3bfe0049c8cfae8\slf4j-simple-1.6.1.jar;C:\Users\Evgen\.gradle\caches\modules-2\files-2.1\org.http4k\http4k-template-pebble\5.14.0.0\dbed24d0f3f2e862b3ac69dde7e445cd2f67ebef\http4k-template-pebble-5.14.0.0.jar;C:\Users\Evgen\.gradle\caches\modules-2\files-2.1\io.pebbletemplates\pebble\3.2.2\187955a8a7db5affde50e9ce7c9712a4f0cbbebd\pebble-3.2.2.jar;C:\Users\Evgen\.gradle\caches\modules-2\files-2.1\org.slf4j\slf4j-api\1.7.25\da76ca59f6a57ee3102f8f9bd9cee742973efa8a\slf4j-api-1.7.25.jar;C:\Users\Evgen\.gradle\caches\modules-2\files-2.1\org.http4k\http4k-client-okhttp\5.14.0.0\9eb53ccb6fbfc1072c0b036d1e78bdaf8d6dbdf7\http4k-client-okhttp-5.14.0.0.jar;C:\Users\Evgen\.gradle\caches\modules-2\files-2.1\org.http4k\http4k-cloudnative\5.14.0.0\722aeb954650a5ba91e7ca860ba84eb06cc80a25\http4k-cloudnative-5.14.0.0.jar;C:\Users\Evgen\.gradle\caches\modules-2\files-2.1\org.http4k\http4k-multipart\5.14.0.0\9995a826921bd836edae2ea7c6133618c1c93352\http4k-multipart-5.14.0.0.jar;C:\Users\Evgen\.gradle\caches\modules-2\files-2.1\org.http4k\http4k-server-netty\5.14.0.0\1afce5700356e0eb734c020532e1d8b0df7ec6fe\http4k-server-netty-5.14.0.0.jar;C:\Users\Evgen\.gradle\caches\modules-2\files-2.1\org.http4k\http4k-format-core\5.14.0.0\a776f3b1797e5e3bf2a21647004c817bc038cdd7\http4k-format-core-5.14.0.0.jar;C:\Users\Evgen\.gradle\caches\modules-2\files-2.1\org.http4k\http4k-template-core\5.14.0.0\77be0f125629afe632564d65643b331b42c2e04d\http4k-template-core-5.14.0.0.jar;C:\Users\Evgen\.gradle\caches\modules-2\files-2.1\org.http4k\http4k-realtime-core\5.14.0.0\4239057d804957834bf0987ec59cacceb9ba31b4\http4k-realtime-core-5.14.0.0.jar;C:\Users\Evgen\.gradle\caches\modules-2\files-2.1\org.http4k\http4k-core\5.14.0.0\730adcf53c2537a0141a371d1d5a3abf0d3651c0\http4k-core-5.14.0.0.jar;C:\Users\Evgen\.gradle\caches\modules-2\files-2.1\org.jetbrains.kotlin\kotlin-reflect\1.6.21\5dc3574d9b7bebfcb4ec6b10ada4aaa9e140bd0b\kotlin-reflect-1.6.21.jar;C:\Users\Evgen\.gradle\caches\modules-2\files-2.1\com.squareup.okhttp3\okhttp\4.12.0\2f4525d4a200e97e1b87449c2cd9bd2e25b7e8cd\okhttp-4.12.0.jar;C:\Users\Evgen\.gradle\caches\modules-2\files-2.1\com.squareup.okio\okio-jvm\3.6.0\5600569133b7bdefe1daf9ec7f4abeb6d13e1786\okio-jvm-3.6.0.jar;C:\Users\Evgen\.gradle\caches\modules-2\files-2.1\org.jetbrains.kotlin\kotlin-stdlib-jdk8\1.9.10\c7510d64a83411a649c76f2778304ddf71d7437b\kotlin-stdlib-jdk8-1.9.10.jar;C:\Users\Evgen\.gradle\caches\modules-2\files-2.1\org.jetbrains.kotlin\kotlin-stdlib-jdk7\1.9.10\bc5bfc2690338defd5195b05c57562f2194eeb10\kotlin-stdlib-jdk7-1.9.10.jar;C:\Users\Evgen\.gradle\caches\modules-2\files-2.1\org.jetbrains.kotlin\kotlin-stdlib\1.9.23\dbaadea1f5e68f790d242a91a38355a83ec38747\kotlin-stdlib-1.9.23.jar;C:\Users\Evgen\.gradle\caches\modules-2\files-2.1\io.netty\netty-codec-http2\4.1.107.Final\3885ffe7dd05c9773df70c61009f34a5a8a383ec\netty-codec-http2-4.1.107.Final.jar;C:\Users\Evgen\.gradle\caches\modules-2\files-2.1\org.jetbrains\annotations\13.0\919f0dfe192fb4e063e7dacadee7f8bb9a2672a9\annotations-13.0.jar;C:\Users\Evgen\.gradle\caches\modules-2\files-2.1\io.netty\netty-codec-http\4.1.107.Final\4d8e9e51b7254bd26a42fe17bdcae32e4c6ebb3\netty-codec-http-4.1.107.Final.jar;C:\Users\Evgen\.gradle\caches\modules-2\files-2.1\io.netty\netty-handler\4.1.107.Final\d4c6b05f4d9aca117981297fb7f02953102ebb5e\netty-handler-4.1.107.Final.jar;C:\Users\Evgen\.gradle\caches\modules-2\files-2.1\io.netty\netty-codec\4.1.107.Final\a1d32debf2ed07c5852ab5b2904c43adb76c39e\netty-codec-4.1.107.Final.jar;C:\Users\Evgen\.gradle\caches\modules-2\files-2.1\io.netty\netty-transport-native-unix-common\4.1.107.Final\4d61d4959741109b3eccd7337f11fc89fa90a74a\netty-transport-native-unix-common-4.1.107.Final.jar;C:\Users\Evgen\.gradle\caches\modules-2\files-2.1\io.netty\netty-transport\4.1.107.Final\d6a105c621b47d1410e0e09419d7209d2d46e914\netty-transport-4.1.107.Final.jar;C:\Users\Evgen\.gradle\caches\modules-2\files-2.1\io.netty\netty-buffer\4.1.107.Final\8509a72b8a5a2d33d611e99254aed39765c3ad82\netty-buffer-4.1.107.Final.jar;C:\Users\Evgen\.gradle\caches\modules-2\files-2.1\io.netty\netty-resolver\4.1.107.Final\dfee84308341a42131dd0f8ac0e1e02d627c19f3\netty-resolver-4.1.107.Final.jar;C:\Users\Evgen\.gradle\caches\modules-2\files-2.1\io.netty\netty-common\4.1.107.Final\4f17a547530d64becd7179507b25f4154bcfba57\netty-common-4.1.107.Final.jar;C:\Users\Evgen\.gradle\caches\modules-2\files-2.1\org.unbescape\unbescape\1.1.6.RELEASE\7b90360afb2b860e09e8347112800d12c12b2a13\unbescape-1.1.6.RELEASE.jar
Launcher Type: SUN_STANDARD

[Global flags]
     intx CICompilerCount                          = 4                                         {product} {ergonomic}
     uint ConcGCThreads                            = 2                                         {product} {ergonomic}
     uint G1ConcRefinementThreads                  = 8                                         {product} {ergonomic}
   size_t G1HeapRegionSize                         = 1048576                                   {product} {ergonomic}
    uintx GCDrainStackTargetSize                   = 64                                        {product} {ergonomic}
   size_t InitialHeapSize                          = 100663296                                 {product} {ergonomic}
   size_t MarkStackSize                            = 4194304                                   {product} {ergonomic}
   size_t MaxHeapSize                              = 1595932672                                {product} {ergonomic}
   size_t MaxNewSize                               = 957349888                                 {product} {ergonomic}
   size_t MinHeapDeltaBytes                        = 1048576                                   {product} {ergonomic}
   size_t MinHeapSize                              = 8388608                                   {product} {ergonomic}
    uintx NonNMethodCodeHeapSize                   = 5839372                                {pd product} {ergonomic}
    uintx NonProfiledCodeHeapSize                  = 122909434                              {pd product} {ergonomic}
    uintx ProfiledCodeHeapSize                     = 122909434                              {pd product} {ergonomic}
    uintx ReservedCodeCacheSize                    = 251658240                              {pd product} {ergonomic}
     bool SegmentedCodeCache                       = true                                      {product} {ergonomic}
   size_t SoftMaxHeapSize                          = 1595932672                             {manageable} {ergonomic}
     bool UseCompressedClassPointers               = true                           {product lp64_product} {ergonomic}
     bool UseCompressedOops                        = true                           {product lp64_product} {ergonomic}
     bool UseG1GC                                  = true                                      {product} {ergonomic}
     bool UseLargePagesIndividualAllocation        = false                                  {pd product} {ergonomic}

Logging:
Log output configuration:
 #0: stdout all=warning uptime,level,tags foldmultilines=false
 #1: stderr all=off uptime,level,tags foldmultilines=false

Environment Variables:
PATH=C:\Program Files\Common Files\Oracle\Java\javapath;C:\Windows\system32;C:\Windows;C:\Windows\System32\Wbem;C:\Windows\System32\WindowsPowerShell\v1.0\;C:\Windows\System32\OpenSSH\;C:\Program Files (x86)\NoteBook FanControl\;C:\Program Files\Git\cmd;C:\Gradle\gradle-8.6\bin;C:\Users\Evgen\AppData\Local\Microsoft\WindowsApps;C:\Users\Evgen\AppData\Local\Programs\Microsoft VS Code\bin;D:\flutter\bin;
USERNAME=Evgen
OS=Windows_NT
PROCESSOR_IDENTIFIER=AMD64 Family 23 Model 24 Stepping 1, AuthenticAMD
TMP=C:\Users\Evgen\AppData\Local\Temp
TEMP=C:\Users\Evgen\AppData\Local\Temp




---------------  S Y S T E M  ---------------

OS:
 Windows 10 , 64 bit Build 19041 (10.0.19041.3636)
OS uptime: 1 days 0:53 hours

CPU: total 8 (initial active 8) (8 cores per cpu, 2 threads per core) family 23 model 24 stepping 1 microcode 0x0, cx8, cmov, fxsr, ht, mmx, 3dnowpref, sse, sse2, sse3, ssse3, sse4a, sse4.1, sse4.2, popcnt, lzcnt, tsc, tscinvbit, avx, avx2, aes, clmul, bmi1, bmi2, adx, sha, fma, vzeroupper, clflush, clflushopt, rdtscp, f16c

Memory: 4k page, system-wide physical 6081M (368M free)
TotalPageFile size 14078M (AvailPageFile size 4M)
current process WorkingSet (physical memory assigned to process): 211M, peak: 269M
current process commit charge ("private bytes"): 253M, peak: 313M

vm_info: Java HotSpot(TM) 64-Bit Server VM (20.0.2+9-78) for windows-amd64 JRE (20.0.2+9-78), built on 2023-06-14T10:08:48Z by "mach5one" with MS VC++ 17.1 (VS2022)

END.
